<?xml version="1.0" encoding="UTF-8"?>
<!-- Generated by org.testng.reporters.JUnitXMLReporter -->
<testsuite ignored="0" hostname="Hardeep-PC" failures="0" tests="3" name="Default test" time="5.522" errors="0" timestamp="22 Jul 2019 20:36:36 GMT">
  <testcase classname="com.backBase.TestPage.HomePageTest" name="searchComputerWithPartialname" time="0.477"/>
  <testcase classname="com.backBase.TestPage.HomePageTest" name="searchComputerWithPartialname" time="0.388"/>
  <testcase classname="com.backBase.TestPage.HomePageTest" name="testNextButton" time="0.328"/>
</testsuite> <!-- Default test -->
