<?xml version="1.0" encoding="UTF-8"?>
<!-- Generated by org.testng.reporters.JUnitXMLReporter -->
<testsuite ignored="0" hostname="Hardeep-PC" failures="0" tests="5" name="add" time="10.19" errors="0" timestamp="22 Jul 2019 20:37:23 GMT">
  <testcase classname="com.backBase.TestPage.AddComputerTest" name="createComputer" time="1.466"/>
  <testcase classname="com.backBase.TestPage.AddComputerTest" name="createComputer" time="1.171"/>
  <testcase classname="com.backBase.TestPage.AddComputerTest" name="validateFields" time="1.06"/>
  <testcase classname="com.backBase.TestPage.AddComputerTest" name="validateFields" time="0.963"/>
  <testcase classname="com.backBase.TestPage.AddComputerTest" name="cancelButton" time="0.496"/>
</testsuite> <!-- add -->
