<?xml version="1.0" encoding="UTF-8"?>
<!-- Generated by org.testng.reporters.JUnitXMLReporter -->
<testsuite ignored="0" hostname="Hardeep-PC" failures="0" tests="3" name="home" time="5.499" errors="0" timestamp="22 Jul 2019 20:37:28 GMT">
  <testcase classname="com.backBase.TestPage.HomePageTest" name="searchComputerWithPartialname" time="0.472"/>
  <testcase classname="com.backBase.TestPage.HomePageTest" name="searchComputerWithPartialname" time="0.421"/>
  <testcase classname="com.backBase.TestPage.HomePageTest" name="testNextButton" time="0.295"/>
</testsuite> <!-- home -->
