<?xml version="1.0" encoding="UTF-8"?>
<!-- Generated by org.testng.reporters.JUnitXMLReporter -->
<testsuite ignored="0" hostname="Hardeep-PC" failures="1" tests="2" name="search" time="9.854" errors="0" timestamp="21 Jul 2019 17:51:15 GMT">
  <testcase classname="com.backBase.TestPage.SearchComputerTestfactory" name="searchComputerWithPartialname" time="0.507"/>
  <testcase classname="com.backBase.TestPage.SearchComputerTestfactory" name="searchComputerWithPartialname" time="0.526">
    <failure type="java.lang.AssertionError" message="expected [true] but found [false]">
      <![CDATA[java.lang.AssertionError: expected [true] but found [false]
	at com.backBase.TestPage.SearchComputerTestfactory.searchComputerWithPartialname(SearchComputerTestfactory.java:39)
... Removed 29 stack frames]]>
    </failure>
  </testcase> <!-- searchComputerWithPartialname -->
</testsuite> <!-- search -->
